[2022-12-23 02:10:43] local.ERROR: Trying to get property 'first_name' of non-object (View: /mnt/web323/a2/93/510730493/htdocs/STRATO-apps/wordpress_01/app/resources/views/site/course/view.blade.php) {"exception":"[object] (ErrorException(code: 0): Trying to get property 'first_name' of non-object (View: /mnt/web323/a2/93/510730493/htdocs/STRATO-apps/wordpress_01/app/resources/views/site/course/view.blade.php) at /mnt/web323/a2/93/510730493/htdocs/STRATO-apps/wordpress_01/app/storage/framework/views/9f46a1d15a36019b1b19f920e08e6504794c55f0.php:200, ErrorException(code: 0): Trying to get property 'first_name' of non-object at /mnt/web323/a2/93/510730493/htdocs/STRATO-apps/wordpress_01/app/storage/framework/views/9f46a1d15a36019b1b19f920e08e6504794c55f0.php:200)
[stacktrace]
#0 /mnt/web323/a2/93/510730493/htdocs/STRATO-apps/wordpress_01/app/vendor/laravel/framework/src/Illuminate/View/Engines/PhpEngine.php(45): Illuminate\\View\\Engines\\CompilerEngine->handleViewException()
#1 /mnt/web323/a2/93/510730493/htdocs/STRATO-apps/wordpress_01/app/vendor/laravel/framework/src/Illuminate/View/Engines/CompilerEngine.php(59): Illuminate\\View\\Engines\\PhpEngine->evaluatePath()
#2 /mnt/web323/a2/93/510730493/htdocs/STRATO-apps/wordpress_01/app/vendor/laravel/framework/src/Illuminate/View/View.php(142): Illuminate\\View\\Engines\\CompilerEngine->get()
#3 /mnt/web323/a2/93/510730493/htdocs/STRATO-apps/wordpress_01/app/vendor/laravel/framework/src/Illuminate/View/View.php(125): Illuminate\\View\\View->getContents()
#4 /mnt/web323/a2/93/510730493/htdocs/STRATO-apps/wordpress_01/app/vendor/laravel/framework/src/Illuminate/View/View.php(90): Illuminate\\View\\View->renderContents()
#5 /mnt/web323/a2/93/510730493/htdocs/STRATO-apps/wordpress_01/app/vendor/laravel/framework/src/Illuminate/Http/Response.php(42): Illuminate\\View\\View->render()
#6 /mnt/web323/a2/93/510730493/htdocs/STRATO-apps/wordpress_01/app/vendor/symfony/http-foundation/Response.php(205): Illuminate\\Http\\Response->setContent()
#7 /mnt/web323/a2/93/510730493/htdocs/STRATO-apps/wordpress_01/app/vendor/laravel/framework/src/Illuminate/Routing/Router.php(748): Symfony\\Component\\HttpFoundation\\Response->__construct()
#8 /mnt/web323/a2/93/510730493/htdocs/STRATO-apps/wordpress_01/app/vendor/laravel/framework/src/Illuminate/Routing/Router.php(720): Illuminate\\Routing\\Router::toResponse()
#9 /mnt/web323/a2/93/510730493/htdocs/STRATO-apps/wordpress_01/app/vendor/laravel/framework/src/Illuminate/Routing/Router.php(680): Illuminate\\Routing\\Router->prepareResponse()
#10 /mnt/web323/a2/93/510730493/htdocs/STRATO-apps/wordpress_01/app/vendor/laravel/framework/src/Illuminate/Routing/Pipeline.php(30): Illuminate\\Routing\\Router->Illuminate\\Routing\\{closure}()
#11 /mnt/web323/a2/93/510730493/htdocs/STRATO-apps/wordpress_01/app/app/Http/Middleware/Language.php(16): Illuminate\\Routing\\Pipeline->Illuminate\\Routing\\{closure}()
#12 /mnt/web323/a2/93/510730493/htdocs/STRATO-apps/wordpress_01/app/vendor/laravel/framework/src/Illuminate/Pipeline/Pipeline.php(163): App\\Http\\Middleware\\Language->handle()
#13 /mnt/web323/a2/93/510730493/htdocs/STRATO-apps/wordpress_01/app/vendor/laravel/framework/src/Illuminate/Routing/Pipeline.php(53): Illuminate\\Pipeline\\Pipeline->Illuminate\\Pipeline\\{closure}()
#14 /mnt/web323/a2/93/510730493/htdocs/STRATO-apps/wordpress_01/app/vendor/laravel/framework/src/Illuminate/Routing/Middleware/SubstituteBindings.php(41): Illuminate\\Routing\\Pipeline->Illuminate\\Routing\\{closure}()
#15 /mnt/web323/a2/93/510730493/htdocs/STRATO-apps/wordpress_01/app/vendor/laravel/framework/src/Illuminate/Pipeline/Pipeline.php(163): Illuminate\\Routing\\Middleware\\SubstituteBindings->handle()
#16 /mnt/web323/a2/93/510730493/htdocs/STRATO-apps/wordpress_01/app/vendor/laravel/framework/src/Illuminate/Routing/Pipeline.php(53): Illuminate\\Pipeline\\Pipeline->Illuminate\\Pipeline\\{closure}()
#17 /mnt/web323/a2/93/510730493/htdocs/STRATO-apps/wordpress_01/app/vendor/laravel/framework/src/Illuminate/Foundation/Http/Middleware/VerifyCsrfToken.php(75): Illuminate\\Routing\\Pipeline->Illuminate\\Routing\\{closure}()
#18 /mnt/web323/a2/93/510730493/htdocs/STRATO-apps/wordpress_01/app/vendor/laravel/framework/src/Illuminate/Pipeline/Pipeline.php(163): Illuminate\\Foundation\\Http\\Middleware\\VerifyCsrfToken->handle()
#19 /mnt/web323/a2/93/510730493/htdocs/STRATO-apps/wordpress_01/app/vendor/laravel/framework/src/Illuminate/Routing/Pipeline.php(53): Illuminate\\Pipeline\\Pipeline->Illuminate\\Pipeline\\{closure}()
#20 /mnt/web323/a2/93/510730493/htdocs/STRATO-apps/wordpress_01/app/vendor/laravel/framework/src/Illuminate/View/Middleware/ShareErrorsFromSession.php(49): Illuminate\\Routing\\Pipeline->Illuminate\\Routing\\{closure}()
#21 /mnt/web323/a2/93/510730493/htdocs/STRATO-apps/wordpress_01/app/vendor/laravel/framework/src/Illuminate/Pipeline/Pipeline.php(163): Illuminate\\View\\Middleware\\ShareErrorsFromSession->handle()
#22 /mnt/web323/a2/93/510730493/htdocs/STRATO-apps/wordpress_01/app/vendor/laravel/framework/src/Illuminate/Routing/Pipeline.php(53): Illuminate\\Pipeline\\Pipeline->Illuminate\\Pipeline\\{closure}()
#23 /mnt/web323/a2/93/510730493/htdocs/STRATO-apps/wordpress_01/app/vendor/laravel/framework/src/Illuminate/Session/Middleware/StartSession.php(56): Illuminate\\Routing\\Pipeline->Illuminate\\Routing\\{closure}()
#24 /mnt/web323/a2/93/510730493/htdocs/STRATO-apps/wordpress_01/app/vendor/laravel/framework/src/Illuminate/Pipeline/Pipeline.php(163): Illuminate\\Session\\Middleware\\StartSession->handle()
#25 /mnt/web323/a2/93/510730493/htdocs/STRATO-apps/wordpress_01/app/vendor/laravel/framework/src/Illuminate/Routing/Pipeline.php(53): Illuminate\\Pipeline\\Pipeline->Illuminate\\Pipeline\\{closure}()
#26 /mnt/web323/a2/93/510730493/htdocs/STRATO-apps/wordpress_01/app/vendor/laravel/framework/src/Illuminate/Cookie/Middleware/AddQueuedCookiesToResponse.php(37): Illuminate\\Routing\\Pipeline->Illuminate\\Routing\\{closure}()
#27 /mnt/web323/a2/93/510730493/htdocs/STRATO-apps/wordpress_01/app/vendor/laravel/framework/src/Illuminate/Pipeline/Pipeline.php(163): Illuminate\\Cookie\\Middleware\\AddQueuedCookiesToResponse->handle()
#28 /mnt/web323/a2/93/510730493/htdocs/STRATO-apps/wordpress_01/app/vendor/laravel/framework/src/Illuminate/Routing/Pipeline.php(53): Illuminate\\Pipeline\\Pipeline->Illuminate\\Pipeline\\{closure}()
#29 /mnt/web323/a2/93/510730493/htdocs/STRATO-apps/wordpress_01/app/vendor/laravel/framework/src/Illuminate/Cookie/Middleware/EncryptCookies.php(66): Illuminate\\Routing\\Pipeline->Illuminate\\Routing\\{closure}()
#30 /mnt/web323/a2/93/510730493/htdocs/STRATO-apps/wordpress_01/app/vendor/laravel/framework/src/Illuminate/Pipeline/Pipeline.php(163): Illuminate\\Cookie\\Middleware\\EncryptCookies->handle()
#31 /mnt/web323/a2/93/510730493/htdocs/STRATO-apps/wordpress_01/app/vendor/laravel/framework/src/Illuminate/Routing/Pipeline.php(53): Illuminate\\Pipeline\\Pipeline->Illuminate\\Pipeline\\{closure}()
#32 /mnt/web323/a2/93/510730493/htdocs/STRATO-apps/wordpress_01/app/vendor/laravel/framework/src/Illuminate/Pipeline/Pipeline.php(104): Illuminate\\Routing\\Pipeline->Illuminate\\Routing\\{closure}()
#33 /mnt/web323/a2/93/510730493/htdocs/STRATO-apps/wordpress_01/app/vendor/laravel/framework/src/Illuminate/Routing/Router.php(682): Illuminate\\Pipeline\\Pipeline->then()
#34 /mnt/web323/a2/93/510730493/htdocs/STRATO-apps/wordpress_01/app/vendor/laravel/framework/src/Illuminate/Routing/Router.php(657): Illuminate\\Routing\\Router->runRouteWithinStack()
#35 /mnt/web323/a2/93/510730493/htdocs/STRATO-apps/wordpress_01/app/vendor/laravel/framework/src/Illuminate/Routing/Router.php(623): Illuminate\\Routing\\Router->runRoute()
#36 /mnt/web323/a2/93/510730493/htdocs/STRATO-apps/wordpress_01/app/vendor/laravel/framework/src/Illuminate/Routing/Router.php(612): Illuminate\\Routing\\Router->dispatchToRoute()
#37 /mnt/web323/a2/93/510730493/htdocs/STRATO-apps/wordpress_01/app/vendor/laravel/framework/src/Illuminate/Foundation/Http/Kernel.php(176): Illuminate\\Routing\\Router->dispatch()
#38 /mnt/web323/a2/93/510730493/htdocs/STRATO-apps/wordpress_01/app/vendor/laravel/framework/src/Illuminate/Routing/Pipeline.php(30): Illuminate\\Foundation\\Http\\Kernel->Illuminate\\Foundation\\Http\\{closure}()
#39 /mnt/web323/a2/93/510730493/htdocs/STRATO-apps/wordpress_01/app/vendor/fideloper/proxy/src/TrustProxies.php(57): Illuminate\\Routing\\Pipeline->Illuminate\\Routing\\{closure}()
#40 /mnt/web323/a2/93/510730493/htdocs/STRATO-apps/wordpress_01/app/vendor/laravel/framework/src/Illuminate/Pipeline/Pipeline.php(163): Fideloper\\Proxy\\TrustProxies->handle()
#41 /mnt/web323/a2/93/510730493/htdocs/STRATO-apps/wordpress_01/app/vendor/laravel/framework/src/Illuminate/Routing/Pipeline.php(53): Illuminate\\Pipeline\\Pipeline->Illuminate\\Pipeline\\{closure}()
#42 /mnt/web323/a2/93/510730493/htdocs/STRATO-apps/wordpress_01/app/vendor/laravel/framework/src/Illuminate/Foundation/Http/Middleware/TransformsRequest.php(21): Illuminate\\Routing\\Pipeline->Illuminate\\Routing\\{closure}()
#43 /mnt/web323/a2/93/510730493/htdocs/STRATO-apps/wordpress_01/app/vendor/laravel/framework/src/Illuminate/Pipeline/Pipeline.php(163): Illuminate\\Foundation\\Http\\Middleware\\TransformsRequest->handle()
#44 /mnt/web323/a2/93/510730493/htdocs/STRATO-apps/wordpress_01/app/vendor/laravel/framework/src/Illuminate/Routing/Pipeline.php(53): Illuminate\\Pipeline\\Pipeline->Illuminate\\Pipeline\\{closure}()
#45 /mnt/web323/a2/93/510730493/htdocs/STRATO-apps/wordpress_01/app/vendor/laravel/framework/src/Illuminate/Foundation/Http/Middleware/TransformsRequest.php(21): Illuminate\\Routing\\Pipeline->Illuminate\\Routing\\{closure}()
#46 /mnt/web323/a2/93/510730493/htdocs/STRATO-apps/wordpress_01/app/vendor/laravel/framework/src/Illuminate/Pipeline/Pipeline.php(163): Illuminate\\Foundation\\Http\\Middleware\\TransformsRequest->handle()
#47 /mnt/web323/a2/93/510730493/htdocs/STRATO-apps/wordpress_01/app/vendor/laravel/framework/src/Illuminate/Routing/Pipeline.php(53): Illuminate\\Pipeline\\Pipeline->Illuminate\\Pipeline\\{closure}()
#48 /mnt/web323/a2/93/510730493/htdocs/STRATO-apps/wordpress_01/app/vendor/laravel/framework/src/Illuminate/Foundation/Http/Middleware/ValidatePostSize.php(27): Illuminate\\Routing\\Pipeline->Illuminate\\Routing\\{closure}()
#49 /mnt/web323/a2/93/510730493/htdocs/STRATO-apps/wordpress_01/app/vendor/laravel/framework/src/Illuminate/Pipeline/Pipeline.php(163): Illuminate\\Foundation\\Http\\Middleware\\ValidatePostSize->handle()
#50 /mnt/web323/a2/93/510730493/htdocs/STRATO-apps/wordpress_01/app/vendor/laravel/framework/src/Illuminate/Routing/Pipeline.php(53): Illuminate\\Pipeline\\Pipeline->Illuminate\\Pipeline\\{closure}()
#51 /mnt/web323/a2/93/510730493/htdocs/STRATO-apps/wordpress_01/app/vendor/laravel/framework/src/Illuminate/Foundation/Http/Middleware/CheckForMaintenanceMode.php(62): Illuminate\\Routing\\Pipeline->Illuminate\\Routing\\{closure}()
#52 /mnt/web323/a2/93/510730493/htdocs/STRATO-apps/wordpress_01/app/vendor/laravel/framework/src/Illuminate/Pipeline/Pipeline.php(163): Illuminate\\Foundation\\Http\\Middleware\\CheckForMaintenanceMode->handle()
#53 /mnt/web323/a2/93/510730493/htdocs/STRATO-apps/wordpress_01/app/vendor/laravel/framework/src/Illuminate/Routing/Pipeline.php(53): Illuminate\\Pipeline\\Pipeline->Illuminate\\Pipeline\\{closure}()
#54 /mnt/web323/a2/93/510730493/htdocs/STRATO-apps/wordpress_01/app/vendor/laravel/framework/src/Illuminate/Pipeline/Pipeline.php(104): Illuminate\\Routing\\Pipeline->Illuminate\\Routing\\{closure}()
#55 /mnt/web323/a2/93/510730493/htdocs/STRATO-apps/wordpress_01/app/vendor/laravel/framework/src/Illuminate/Foundation/Http/Kernel.php(151): Illuminate\\Pipeline\\Pipeline->then()
#56 /mnt/web323/a2/93/510730493/htdocs/STRATO-apps/wordpress_01/app/vendor/laravel/framework/src/Illuminate/Foundation/Http/Kernel.php(116): Illuminate\\Foundation\\Http\\Kernel->sendRequestThroughRouter()
#57 /mnt/web323/a2/93/510730493/htdocs/STRATO-apps/wordpress_01/app/public/index.php(55): Illuminate\\Foundation\\Http\\Kernel->handle()
#58 /mnt/web323/a2/93/510730493/htdocs/STRATO-apps/wordpress_01/app/index.php(22): require_once('/mnt/web323/a2/...')
#59 {main}
"} 
[2022-12-23 10:34:29] local.ERROR: SQLSTATE[42S22]: Column not found: 1054 Unknown column 'blog_slug' in 'where clause' (SQL: select * from `blogs` where `blog_slug` = test limit 1) {"exception":"[object] (Illuminate\\Database\\QueryException(code: 42S22): SQLSTATE[42S22]: Column not found: 1054 Unknown column 'blog_slug' in 'where clause' (SQL: select * from `blogs` where `blog_slug` = test limit 1) at /mnt/web323/a2/93/510730493/htdocs/STRATO-apps/wordpress_01/app/vendor/laravel/framework/src/Illuminate/Database/Connection.php:664, PDOException(code: 42S22): SQLSTATE[42S22]: Column not found: 1054 Unknown column 'blog_slug' in 'where clause' at /mnt/web323/a2/93/510730493/htdocs/STRATO-apps/wordpress_01/app/vendor/laravel/framework/src/Illuminate/Database/Connection.php:326)
[stacktrace]
#0 /mnt/web323/a2/93/510730493/htdocs/STRATO-apps/wordpress_01/app/vendor/laravel/framework/src/Illuminate/Database/Connection.php(624): Illuminate\\Database\\Connection->runQueryCallback()
#1 /mnt/web323/a2/93/510730493/htdocs/STRATO-apps/wordpress_01/app/vendor/laravel/framework/src/Illuminate/Database/Connection.php(333): Illuminate\\Database\\Connection->run()
#2 /mnt/web323/a2/93/510730493/htdocs/STRATO-apps/wordpress_01/app/vendor/laravel/framework/src/Illuminate/Database/Query/Builder.php(2130): Illuminate\\Database\\Connection->select()
#3 /mnt/web323/a2/93/510730493/htdocs/STRATO-apps/wordpress_01/app/vendor/laravel/framework/src/Illuminate/Database/Query/Builder.php(2118): Illuminate\\Database\\Query\\Builder->runSelect()
#4 /mnt/web323/a2/93/510730493/htdocs/STRATO-apps/wordpress_01/app/vendor/laravel/framework/src/Illuminate/Database/Query/Builder.php(2604): Illuminate\\Database\\Query\\Builder->Illuminate\\Database\\Query\\{closure}()
#5 /mnt/web323/a2/93/510730493/htdocs/STRATO-apps/wordpress_01/app/vendor/laravel/framework/src/Illuminate/Database/Query/Builder.php(2119): Illuminate\\Database\\Query\\Builder->onceWithColumns()
#6 /mnt/web323/a2/93/510730493/htdocs/STRATO-apps/wordpress_01/app/vendor/laravel/framework/src/Illuminate/Database/Eloquent/Builder.php(521): Illuminate\\Database\\Query\\Builder->get()
#7 /mnt/web323/a2/93/510730493/htdocs/STRATO-apps/wordpress_01/app/vendor/laravel/framework/src/Illuminate/Database/Eloquent/Builder.php(505): Illuminate\\Database\\Eloquent\\Builder->getModels()
#8 /mnt/web323/a2/93/510730493/htdocs/STRATO-apps/wordpress_01/app/vendor/laravel/framework/src/Illuminate/Database/Concerns/BuildsQueries.php(77): Illuminate\\Database\\Eloquent\\Builder->get()
#9 /mnt/web323/a2/93/510730493/htdocs/STRATO-apps/wordpress_01/app/app/Http/Controllers/HomeController.php(161): Illuminate\\Database\\Eloquent\\Builder->first()
#10 [internal function]: App\\Http\\Controllers\\HomeController->blogView()
#11 /mnt/web323/a2/93/510730493/htdocs/STRATO-apps/wordpress_01/app/vendor/laravel/framework/src/Illuminate/Routing/Controller.php(54): call_user_func_array()
#12 /mnt/web323/a2/93/510730493/htdocs/STRATO-apps/wordpress_01/app/vendor/laravel/framework/src/Illuminate/Routing/ControllerDispatcher.php(45): Illuminate\\Routing\\Controller->callAction()
#13 /mnt/web323/a2/93/510730493/htdocs/STRATO-apps/wordpress_01/app/vendor/laravel/framework/src/Illuminate/Routing/Route.php(219): Illuminate\\Routing\\ControllerDispatcher->dispatch()
#14 /mnt/web323/a2/93/510730493/htdocs/STRATO-apps/wordpress_01/app/vendor/laravel/framework/src/Illuminate/Routing/Route.php(176): Illuminate\\Routing\\Route->runController()
#15 /mnt/web323/a2/93/510730493/htdocs/STRATO-apps/wordpress_01/app/vendor/laravel/framework/src/Illuminate/Routing/Router.php(680): Illuminate\\Routing\\Route->run()
#16 /mnt/web323/a2/93/510730493/htdocs/STRATO-apps/wordpress_01/app/vendor/laravel/framework/src/Illuminate/Routing/Pipeline.php(30): Illuminate\\Routing\\Router->Illuminate\\Routing\\{closure}()
#17 /mnt/web323/a2/93/510730493/htdocs/STRATO-apps/wordpress_01/app/app/Http/Middleware/Language.php(16): Illuminate\\Routing\\Pipeline->Illuminate\\Routing\\{closure}()
#18 /mnt/web323/a2/93/510730493/htdocs/STRATO-apps/wordpress_01/app/vendor/laravel/framework/src/Illuminate/Pipeline/Pipeline.php(163): App\\Http\\Middleware\\Language->handle()
#19 /mnt/web323/a2/93/510730493/htdocs/STRATO-apps/wordpress_01/app/vendor/laravel/framework/src/Illuminate/Routing/Pipeline.php(53): Illuminate\\Pipeline\\Pipeline->Illuminate\\Pipeline\\{closure}()
#20 /mnt/web323/a2/93/510730493/htdocs/STRATO-apps/wordpress_01/app/vendor/laravel/framework/src/Illuminate/Routing/Middleware/SubstituteBindings.php(41): Illuminate\\Routing\\Pipeline->Illuminate\\Routing\\{closure}()
#21 /mnt/web323/a2/93/510730493/htdocs/STRATO-apps/wordpress_01/app/vendor/laravel/framework/src/Illuminate/Pipeline/Pipeline.php(163): Illuminate\\Routing\\Middleware\\SubstituteBindings->handle()
#22 /mnt/web323/a2/93/510730493/htdocs/STRATO-apps/wordpress_01/app/vendor/laravel/framework/src/Illuminate/Routing/Pipeline.php(53): Illuminate\\Pipeline\\Pipeline->Illuminate\\Pipeline\\{closure}()
#23 /mnt/web323/a2/93/510730493/htdocs/STRATO-apps/wordpress_01/app/vendor/laravel/framework/src/Illuminate/Foundation/Http/Middleware/VerifyCsrfToken.php(75): Illuminate\\Routing\\Pipeline->Illuminate\\Routing\\{closure}()
#24 /mnt/web323/a2/93/510730493/htdocs/STRATO-apps/wordpress_01/app/vendor/laravel/framework/src/Illuminate/Pipeline/Pipeline.php(163): Illuminate\\Foundation\\Http\\Middleware\\VerifyCsrfToken->handle()
#25 /mnt/web323/a2/93/510730493/htdocs/STRATO-apps/wordpress_01/app/vendor/laravel/framework/src/Illuminate/Routing/Pipeline.php(53): Illuminate\\Pipeline\\Pipeline->Illuminate\\Pipeline\\{closure}()
#26 /mnt/web323/a2/93/510730493/htdocs/STRATO-apps/wordpress_01/app/vendor/laravel/framework/src/Illuminate/View/Middleware/ShareErrorsFromSession.php(49): Illuminate\\Routing\\Pipeline->Illuminate\\Routing\\{closure}()
#27 /mnt/web323/a2/93/510730493/htdocs/STRATO-apps/wordpress_01/app/vendor/laravel/framework/src/Illuminate/Pipeline/Pipeline.php(163): Illuminate\\View\\Middleware\\ShareErrorsFromSession->handle()
#28 /mnt/web323/a2/93/510730493/htdocs/STRATO-apps/wordpress_01/app/vendor/laravel/framework/src/Illuminate/Routing/Pipeline.php(53): Illuminate\\Pipeline\\Pipeline->Illuminate\\Pipeline\\{closure}()
#29 /mnt/web323/a2/93/510730493/htdocs/STRATO-apps/wordpress_01/app/vendor/laravel/framework/src/Illuminate/Session/Middleware/StartSession.php(56): Illuminate\\Routing\\Pipeline->Illuminate\\Routing\\{closure}()
#30 /mnt/web323/a2/93/510730493/htdocs/STRATO-apps/wordpress_01/app/vendor/laravel/framework/src/Illuminate/Pipeline/Pipeline.php(163): Illuminate\\Session\\Middleware\\StartSession->handle()
#31 /mnt/web323/a2/93/510730493/htdocs/STRATO-apps/wordpress_01/app/vendor/laravel/framework/src/Illuminate/Routing/Pipeline.php(53): Illuminate\\Pipeline\\Pipeline->Illuminate\\Pipeline\\{closure}()
#32 /mnt/web323/a2/93/510730493/htdocs/STRATO-apps/wordpress_01/app/vendor/laravel/framework/src/Illuminate/Cookie/Middleware/AddQueuedCookiesToResponse.php(37): Illuminate\\Routing\\Pipeline->Illuminate\\Routing\\{closure}()
#33 /mnt/web323/a2/93/510730493/htdocs/STRATO-apps/wordpress_01/app/vendor/laravel/framework/src/Illuminate/Pipeline/Pipeline.php(163): Illuminate\\Cookie\\Middleware\\AddQueuedCookiesToResponse->handle()
#34 /mnt/web323/a2/93/510730493/htdocs/STRATO-apps/wordpress_01/app/vendor/laravel/framework/src/Illuminate/Routing/Pipeline.php(53): Illuminate\\Pipeline\\Pipeline->Illuminate\\Pipeline\\{closure}()
#35 /mnt/web323/a2/93/510730493/htdocs/STRATO-apps/wordpress_01/app/vendor/laravel/framework/src/Illuminate/Cookie/Middleware/EncryptCookies.php(66): Illuminate\\Routing\\Pipeline->Illuminate\\Routing\\{closure}()
#36 /mnt/web323/a2/93/510730493/htdocs/STRATO-apps/wordpress_01/app/vendor/laravel/framework/src/Illuminate/Pipeline/Pipeline.php(163): Illuminate\\Cookie\\Middleware\\EncryptCookies->handle()
#37 /mnt/web323/a2/93/510730493/htdocs/STRATO-apps/wordpress_01/app/vendor/laravel/framework/src/Illuminate/Routing/Pipeline.php(53): Illuminate\\Pipeline\\Pipeline->Illuminate\\Pipeline\\{closure}()
#38 /mnt/web323/a2/93/510730493/htdocs/STRATO-apps/wordpress_01/app/vendor/laravel/framework/src/Illuminate/Pipeline/Pipeline.php(104): Illuminate\\Routing\\Pipeline->Illuminate\\Routing\\{closure}()
#39 /mnt/web323/a2/93/510730493/htdocs/STRATO-apps/wordpress_01/app/vendor/laravel/framework/src/Illuminate/Routing/Router.php(682): Illuminate\\Pipeline\\Pipeline->then()
#40 /mnt/web323/a2/93/510730493/htdocs/STRATO-apps/wordpress_01/app/vendor/laravel/framework/src/Illuminate/Routing/Router.php(657): Illuminate\\Routing\\Router->runRouteWithinStack()
#41 /mnt/web323/a2/93/510730493/htdocs/STRATO-apps/wordpress_01/app/vendor/laravel/framework/src/Illuminate/Routing/Router.php(623): Illuminate\\Routing\\Router->runRoute()
#42 /mnt/web323/a2/93/510730493/htdocs/STRATO-apps/wordpress_01/app/vendor/laravel/framework/src/Illuminate/Routing/Router.php(612): Illuminate\\Routing\\Router->dispatchToRoute()
#43 /mnt/web323/a2/93/510730493/htdocs/STRATO-apps/wordpress_01/app/vendor/laravel/framework/src/Illuminate/Foundation/Http/Kernel.php(176): Illuminate\\Routing\\Router->dispatch()
#44 /mnt/web323/a2/93/510730493/htdocs/STRATO-apps/wordpress_01/app/vendor/laravel/framework/src/Illuminate/Routing/Pipeline.php(30): Illuminate\\Foundation\\Http\\Kernel->Illuminate\\Foundation\\Http\\{closure}()
#45 /mnt/web323/a2/93/510730493/htdocs/STRATO-apps/wordpress_01/app/vendor/fideloper/proxy/src/TrustProxies.php(57): Illuminate\\Routing\\Pipeline->Illuminate\\Routing\\{closure}()
#46 /mnt/web323/a2/93/510730493/htdocs/STRATO-apps/wordpress_01/app/vendor/laravel/framework/src/Illuminate/Pipeline/Pipeline.php(163): Fideloper\\Proxy\\TrustProxies->handle()
#47 /mnt/web323/a2/93/510730493/htdocs/STRATO-apps/wordpress_01/app/vendor/laravel/framework/src/Illuminate/Routing/Pipeline.php(53): Illuminate\\Pipeline\\Pipeline->Illuminate\\Pipeline\\{closure}()
#48 /mnt/web323/a2/93/510730493/htdocs/STRATO-apps/wordpress_01/app/vendor/laravel/framework/src/Illuminate/Foundation/Http/Middleware/TransformsRequest.php(21): Illuminate\\Routing\\Pipeline->Illuminate\\Routing\\{closure}()
#49 /mnt/web323/a2/93/510730493/htdocs/STRATO-apps/wordpress_01/app/vendor/laravel/framework/src/Illuminate/Pipeline/Pipeline.php(163): Illuminate\\Foundation\\Http\\Middleware\\TransformsRequest->handle()
#50 /mnt/web323/a2/93/510730493/htdocs/STRATO-apps/wordpress_01/app/vendor/laravel/framework/src/Illuminate/Routing/Pipeline.php(53): Illuminate\\Pipeline\\Pipeline->Illuminate\\Pipeline\\{closure}()
#51 /mnt/web323/a2/93/510730493/htdocs/STRATO-apps/wordpress_01/app/vendor/laravel/framework/src/Illuminate/Foundation/Http/Middleware/TransformsRequest.php(21): Illuminate\\Routing\\Pipeline->Illuminate\\Routing\\{closure}()
#52 /mnt/web323/a2/93/510730493/htdocs/STRATO-apps/wordpress_01/app/vendor/laravel/framework/src/Illuminate/Pipeline/Pipeline.php(163): Illuminate\\Foundation\\Http\\Middleware\\TransformsRequest->handle()
#53 /mnt/web323/a2/93/510730493/htdocs/STRATO-apps/wordpress_01/app/vendor/laravel/framework/src/Illuminate/Routing/Pipeline.php(53): Illuminate\\Pipeline\\Pipeline->Illuminate\\Pipeline\\{closure}()
#54 /mnt/web323/a2/93/510730493/htdocs/STRATO-apps/wordpress_01/app/vendor/laravel/framework/src/Illuminate/Foundation/Http/Middleware/ValidatePostSize.php(27): Illuminate\\Routing\\Pipeline->Illuminate\\Routing\\{closure}()
#55 /mnt/web323/a2/93/510730493/htdocs/STRATO-apps/wordpress_01/app/vendor/laravel/framework/src/Illuminate/Pipeline/Pipeline.php(163): Illuminate\\Foundation\\Http\\Middleware\\ValidatePostSize->handle()
#56 /mnt/web323/a2/93/510730493/htdocs/STRATO-apps/wordpress_01/app/vendor/laravel/framework/src/Illuminate/Routing/Pipeline.php(53): Illuminate\\Pipeline\\Pipeline->Illuminate\\Pipeline\\{closure}()
#57 /mnt/web323/a2/93/510730493/htdocs/STRATO-apps/wordpress_01/app/vendor/laravel/framework/src/Illuminate/Foundation/Http/Middleware/CheckForMaintenanceMode.php(62): Illuminate\\Routing\\Pipeline->Illuminate\\Routing\\{closure}()
#58 /mnt/web323/a2/93/510730493/htdocs/STRATO-apps/wordpress_01/app/vendor/laravel/framework/src/Illuminate/Pipeline/Pipeline.php(163): Illuminate\\Foundation\\Http\\Middleware\\CheckForMaintenanceMode->handle()
#59 /mnt/web323/a2/93/510730493/htdocs/STRATO-apps/wordpress_01/app/vendor/laravel/framework/src/Illuminate/Routing/Pipeline.php(53): Illuminate\\Pipeline\\Pipeline->Illuminate\\Pipeline\\{closure}()
#60 /mnt/web323/a2/93/510730493/htdocs/STRATO-apps/wordpress_01/app/vendor/laravel/framework/src/Illuminate/Pipeline/Pipeline.php(104): Illuminate\\Routing\\Pipeline->Illuminate\\Routing\\{closure}()
#61 /mnt/web323/a2/93/510730493/htdocs/STRATO-apps/wordpress_01/app/vendor/laravel/framework/src/Illuminate/Foundation/Http/Kernel.php(151): Illuminate\\Pipeline\\Pipeline->then()
#62 /mnt/web323/a2/93/510730493/htdocs/STRATO-apps/wordpress_01/app/vendor/laravel/framework/src/Illuminate/Foundation/Http/Kernel.php(116): Illuminate\\Foundation\\Http\\Kernel->sendRequestThroughRouter()
#63 /mnt/web323/a2/93/510730493/htdocs/STRATO-apps/wordpress_01/app/public/index.php(55): Illuminate\\Foundation\\Http\\Kernel->handle()
#64 /mnt/web323/a2/93/510730493/htdocs/STRATO-apps/wordpress_01/app/index.php(22): require_once('/mnt/web323/a2/...')
#65 {main}
"} 
[2022-12-23 13:16:51] local.ERROR: fopen(/mnt/web323/a2/93/510730493/htdocs/STRATO-apps/wordpress_01/app/storage/framework/sessions/WwJ48iOckGhX1tOsCorJHjxttr4t11uotNsXRvia): failed to open stream: No such file or directory {"exception":"[object] (ErrorException(code: 0): fopen(/mnt/web323/a2/93/510730493/htdocs/STRATO-apps/wordpress_01/app/storage/framework/sessions/WwJ48iOckGhX1tOsCorJHjxttr4t11uotNsXRvia): failed to open stream: No such file or directory at /mnt/web323/a2/93/510730493/htdocs/STRATO-apps/wordpress_01/app/vendor/laravel/framework/src/Illuminate/Filesystem/Filesystem.php:54)
[stacktrace]
#0 [internal function]: Illuminate\\Foundation\\Bootstrap\\HandleExceptions->handleError()
#1 /mnt/web323/a2/93/510730493/htdocs/STRATO-apps/wordpress_01/app/vendor/laravel/framework/src/Illuminate/Filesystem/Filesystem.php(54): fopen()
#2 /mnt/web323/a2/93/510730493/htdocs/STRATO-apps/wordpress_01/app/vendor/laravel/framework/src/Illuminate/Session/FileSessionHandler.php(71): Illuminate\\Filesystem\\Filesystem->sharedGet()
#3 /mnt/web323/a2/93/510730493/htdocs/STRATO-apps/wordpress_01/app/vendor/laravel/framework/src/Illuminate/Session/Store.php(97): Illuminate\\Session\\FileSessionHandler->read()
#4 /mnt/web323/a2/93/510730493/htdocs/STRATO-apps/wordpress_01/app/vendor/laravel/framework/src/Illuminate/Session/Store.php(87): Illuminate\\Session\\Store->readFromHandler()
#5 /mnt/web323/a2/93/510730493/htdocs/STRATO-apps/wordpress_01/app/vendor/laravel/framework/src/Illuminate/Session/Store.php(71): Illuminate\\Session\\Store->loadSession()
#6 /mnt/web323/a2/93/510730493/htdocs/STRATO-apps/wordpress_01/app/vendor/laravel/framework/src/Illuminate/Session/Middleware/StartSession.php(81): Illuminate\\Session\\Store->start()
#7 /mnt/web323/a2/93/510730493/htdocs/STRATO-apps/wordpress_01/app/vendor/laravel/framework/src/Illuminate/Support/helpers.php(1124): Illuminate\\Session\\Middleware\\StartSession->Illuminate\\Session\\Middleware\\{closure}()
#8 /mnt/web323/a2/93/510730493/htdocs/STRATO-apps/wordpress_01/app/vendor/laravel/framework/src/Illuminate/Session/Middleware/StartSession.php(82): tap()
#9 /mnt/web323/a2/93/510730493/htdocs/STRATO-apps/wordpress_01/app/vendor/laravel/framework/src/Illuminate/Session/Middleware/StartSession.php(51): Illuminate\\Session\\Middleware\\StartSession->startSession()
#10 /mnt/web323/a2/93/510730493/htdocs/STRATO-apps/wordpress_01/app/vendor/laravel/framework/src/Illuminate/Pipeline/Pipeline.php(163): Illuminate\\Session\\Middleware\\StartSession->handle()
#11 /mnt/web323/a2/93/510730493/htdocs/STRATO-apps/wordpress_01/app/vendor/laravel/framework/src/Illuminate/Routing/Pipeline.php(53): Illuminate\\Pipeline\\Pipeline->Illuminate\\Pipeline\\{closure}()
#12 /mnt/web323/a2/93/510730493/htdocs/STRATO-apps/wordpress_01/app/vendor/laravel/framework/src/Illuminate/Cookie/Middleware/AddQueuedCookiesToResponse.php(37): Illuminate\\Routing\\Pipeline->Illuminate\\Routing\\{closure}()
#13 /mnt/web323/a2/93/510730493/htdocs/STRATO-apps/wordpress_01/app/vendor/laravel/framework/src/Illuminate/Pipeline/Pipeline.php(163): Illuminate\\Cookie\\Middleware\\AddQueuedCookiesToResponse->handle()
#14 /mnt/web323/a2/93/510730493/htdocs/STRATO-apps/wordpress_01/app/vendor/laravel/framework/src/Illuminate/Routing/Pipeline.php(53): Illuminate\\Pipeline\\Pipeline->Illuminate\\Pipeline\\{closure}()
#15 /mnt/web323/a2/93/510730493/htdocs/STRATO-apps/wordpress_01/app/vendor/laravel/framework/src/Illuminate/Cookie/Middleware/EncryptCookies.php(66): Illuminate\\Routing\\Pipeline->Illuminate\\Routing\\{closure}()
#16 /mnt/web323/a2/93/510730493/htdocs/STRATO-apps/wordpress_01/app/vendor/laravel/framework/src/Illuminate/Pipeline/Pipeline.php(163): Illuminate\\Cookie\\Middleware\\EncryptCookies->handle()
#17 /mnt/web323/a2/93/510730493/htdocs/STRATO-apps/wordpress_01/app/vendor/laravel/framework/src/Illuminate/Routing/Pipeline.php(53): Illuminate\\Pipeline\\Pipeline->Illuminate\\Pipeline\\{closure}()
#18 /mnt/web323/a2/93/510730493/htdocs/STRATO-apps/wordpress_01/app/vendor/laravel/framework/src/Illuminate/Pipeline/Pipeline.php(104): Illuminate\\Routing\\Pipeline->Illuminate\\Routing\\{closure}()
#19 /mnt/web323/a2/93/510730493/htdocs/STRATO-apps/wordpress_01/app/vendor/laravel/framework/src/Illuminate/Routing/Router.php(682): Illuminate\\Pipeline\\Pipeline->then()
#20 /mnt/web323/a2/93/510730493/htdocs/STRATO-apps/wordpress_01/app/vendor/laravel/framework/src/Illuminate/Routing/Router.php(657): Illuminate\\Routing\\Router->runRouteWithinStack()
#21 /mnt/web323/a2/93/510730493/htdocs/STRATO-apps/wordpress_01/app/vendor/laravel/framework/src/Illuminate/Routing/Router.php(623): Illuminate\\Routing\\Router->runRoute()
#22 /mnt/web323/a2/93/510730493/htdocs/STRATO-apps/wordpress_01/app/vendor/laravel/framework/src/Illuminate/Routing/Router.php(612): Illuminate\\Routing\\Router->dispatchToRoute()
#23 /mnt/web323/a2/93/510730493/htdocs/STRATO-apps/wordpress_01/app/vendor/laravel/framework/src/Illuminate/Foundation/Http/Kernel.php(176): Illuminate\\Routing\\Router->dispatch()
#24 /mnt/web323/a2/93/510730493/htdocs/STRATO-apps/wordpress_01/app/vendor/laravel/framework/src/Illuminate/Routing/Pipeline.php(30): Illuminate\\Foundation\\Http\\Kernel->Illuminate\\Foundation\\Http\\{closure}()
#25 /mnt/web323/a2/93/510730493/htdocs/STRATO-apps/wordpress_01/app/vendor/fideloper/proxy/src/TrustProxies.php(57): Illuminate\\Routing\\Pipeline->Illuminate\\Routing\\{closure}()
#26 /mnt/web323/a2/93/510730493/htdocs/STRATO-apps/wordpress_01/app/vendor/laravel/framework/src/Illuminate/Pipeline/Pipeline.php(163): Fideloper\\Proxy\\TrustProxies->handle()
#27 /mnt/web323/a2/93/510730493/htdocs/STRATO-apps/wordpress_01/app/vendor/laravel/framework/src/Illuminate/Routing/Pipeline.php(53): Illuminate\\Pipeline\\Pipeline->Illuminate\\Pipeline\\{closure}()
#28 /mnt/web323/a2/93/510730493/htdocs/STRATO-apps/wordpress_01/app/vendor/laravel/framework/src/Illuminate/Foundation/Http/Middleware/TransformsRequest.php(21): Illuminate\\Routing\\Pipeline->Illuminate\\Routing\\{closure}()
#29 /mnt/web323/a2/93/510730493/htdocs/STRATO-apps/wordpress_01/app/vendor/laravel/framework/src/Illuminate/Pipeline/Pipeline.php(163): Illuminate\\Foundation\\Http\\Middleware\\TransformsRequest->handle()
#30 /mnt/web323/a2/93/510730493/htdocs/STRATO-apps/wordpress_01/app/vendor/laravel/framework/src/Illuminate/Routing/Pipeline.php(53): Illuminate\\Pipeline\\Pipeline->Illuminate\\Pipeline\\{closure}()
#31 /mnt/web323/a2/93/510730493/htdocs/STRATO-apps/wordpress_01/app/vendor/laravel/framework/src/Illuminate/Foundation/Http/Middleware/TransformsRequest.php(21): Illuminate\\Routing\\Pipeline->Illuminate\\Routing\\{closure}()
#32 /mnt/web323/a2/93/510730493/htdocs/STRATO-apps/wordpress_01/app/vendor/laravel/framework/src/Illuminate/Pipeline/Pipeline.php(163): Illuminate\\Foundation\\Http\\Middleware\\TransformsRequest->handle()
#33 /mnt/web323/a2/93/510730493/htdocs/STRATO-apps/wordpress_01/app/vendor/laravel/framework/src/Illuminate/Routing/Pipeline.php(53): Illuminate\\Pipeline\\Pipeline->Illuminate\\Pipeline\\{closure}()
#34 /mnt/web323/a2/93/510730493/htdocs/STRATO-apps/wordpress_01/app/vendor/laravel/framework/src/Illuminate/Foundation/Http/Middleware/ValidatePostSize.php(27): Illuminate\\Routing\\Pipeline->Illuminate\\Routing\\{closure}()
#35 /mnt/web323/a2/93/510730493/htdocs/STRATO-apps/wordpress_01/app/vendor/laravel/framework/src/Illuminate/Pipeline/Pipeline.php(163): Illuminate\\Foundation\\Http\\Middleware\\ValidatePostSize->handle()
#36 /mnt/web323/a2/93/510730493/htdocs/STRATO-apps/wordpress_01/app/vendor/laravel/framework/src/Illuminate/Routing/Pipeline.php(53): Illuminate\\Pipeline\\Pipeline->Illuminate\\Pipeline\\{closure}()
#37 /mnt/web323/a2/93/510730493/htdocs/STRATO-apps/wordpress_01/app/vendor/laravel/framework/src/Illuminate/Foundation/Http/Middleware/CheckForMaintenanceMode.php(62): Illuminate\\Routing\\Pipeline->Illuminate\\Routing\\{closure}()
#38 /mnt/web323/a2/93/510730493/htdocs/STRATO-apps/wordpress_01/app/vendor/laravel/framework/src/Illuminate/Pipeline/Pipeline.php(163): Illuminate\\Foundation\\Http\\Middleware\\CheckForMaintenanceMode->handle()
#39 /mnt/web323/a2/93/510730493/htdocs/STRATO-apps/wordpress_01/app/vendor/laravel/framework/src/Illuminate/Routing/Pipeline.php(53): Illuminate\\Pipeline\\Pipeline->Illuminate\\Pipeline\\{closure}()
#40 /mnt/web323/a2/93/510730493/htdocs/STRATO-apps/wordpress_01/app/vendor/laravel/framework/src/Illuminate/Pipeline/Pipeline.php(104): Illuminate\\Routing\\Pipeline->Illuminate\\Routing\\{closure}()
#41 /mnt/web323/a2/93/510730493/htdocs/STRATO-apps/wordpress_01/app/vendor/laravel/framework/src/Illuminate/Foundation/Http/Kernel.php(151): Illuminate\\Pipeline\\Pipeline->then()
#42 /mnt/web323/a2/93/510730493/htdocs/STRATO-apps/wordpress_01/app/vendor/laravel/framework/src/Illuminate/Foundation/Http/Kernel.php(116): Illuminate\\Foundation\\Http\\Kernel->sendRequestThroughRouter()
#43 /mnt/web323/a2/93/510730493/htdocs/STRATO-apps/wordpress_01/app/public/index.php(55): Illuminate\\Foundation\\Http\\Kernel->handle()
#44 /mnt/web323/a2/93/510730493/htdocs/STRATO-apps/wordpress_01/app/index.php(22): require_once('/mnt/web323/a2/...')
#45 {main}
"} 
