New transaction (300) added.2022-10-21 03:03:34
New transaction (301) added.2022-10-21 03:35:06
Got Http response code 400 when accessing https://api.sandbox.paypal.com/v1/payments/billing-plans/P-9Y7991047J623421NJ4BLMRY.2022-10-21 03:39:04
Got Http response code 400 when accessing https://api.sandbox.paypal.com/v1/payments/billing-plans/P-42B51669CD500113U6QD57FQ.2022-10-21 03:39:05
Got Http response code 400 when accessing https://api.sandbox.paypal.com/v1/payments/billing-plans/P-8L31963922663352X223OBAA.2022-10-21 03:39:06
Got Http response code 400 when accessing https://api.sandbox.paypal.com/v1/payments/billing-plans/P-1KD332961M953123LLROEU5Q.2022-10-21 03:39:07
Got Http response code 400 when accessing https://api.sandbox.paypal.com/v1/payments/billing-plans/P-5E5996023U768050G4QXPT7I.2022-10-21 03:39:08
Got Http response code 400 when accessing https://api.sandbox.paypal.com/v1/payments/billing-plans/P-6L572286NJ9828626UDV3HOA.2022-10-21 03:39:09
Got Http response code 400 when accessing https://api.sandbox.paypal.com/v1/payments/billing-plans/P-7S757813MR8152337PCPMFQA.2022-10-21 03:39:10
Got Http response code 400 when accessing https://api.sandbox.paypal.com/v1/payments/billing-plans/P-9Y7991047J623421NJ4BLMRY.2022-10-21 03:44:02
Got Http response code 400 when accessing https://api.sandbox.paypal.com/v1/payments/billing-plans/P-42B51669CD500113U6QD57FQ.2022-10-21 03:44:03
Got Http response code 400 when accessing https://api.sandbox.paypal.com/v1/payments/billing-plans/P-8L31963922663352X223OBAA.2022-10-21 03:44:04
Got Http response code 400 when accessing https://api.sandbox.paypal.com/v1/payments/billing-plans/P-1KD332961M953123LLROEU5Q.2022-10-21 03:44:05
Got Http response code 400 when accessing https://api.sandbox.paypal.com/v1/payments/billing-plans/P-5E5996023U768050G4QXPT7I.2022-10-21 03:44:06
Got Http response code 400 when accessing https://api.sandbox.paypal.com/v1/payments/billing-plans/P-6L572286NJ9828626UDV3HOA.2022-10-21 03:44:06
Got Http response code 400 when accessing https://api.sandbox.paypal.com/v1/payments/billing-plans/P-7S757813MR8152337PCPMFQA.2022-10-21 03:44:07
Got Http response code 400 when accessing https://api.sandbox.paypal.com/v1/payments/billing-plans/P-9Y7991047J623421NJ4BLMRY.2022-10-21 05:02:33
Got Http response code 400 when accessing https://api.sandbox.paypal.com/v1/payments/billing-plans/P-42B51669CD500113U6QD57FQ.2022-10-21 05:02:34
Got Http response code 400 when accessing https://api.sandbox.paypal.com/v1/payments/billing-plans/P-8L31963922663352X223OBAA.2022-10-21 05:02:35
Got Http response code 400 when accessing https://api.sandbox.paypal.com/v1/payments/billing-plans/P-1KD332961M953123LLROEU5Q.2022-10-21 05:02:37
Got Http response code 400 when accessing https://api.sandbox.paypal.com/v1/payments/billing-plans/P-5E5996023U768050G4QXPT7I.2022-10-21 05:02:38
Got Http response code 400 when accessing https://api.sandbox.paypal.com/v1/payments/billing-plans/P-6L572286NJ9828626UDV3HOA.2022-10-21 05:02:39
Got Http response code 400 when accessing https://api.sandbox.paypal.com/v1/payments/billing-plans/P-7S757813MR8152337PCPMFQA.2022-10-21 05:02:40
Got Http response code 400 when accessing https://api.sandbox.paypal.com/v1/payments/billing-plans/P-9Y7991047J623421NJ4BLMRY.2022-10-21 05:05:04
Got Http response code 400 when accessing https://api.sandbox.paypal.com/v1/payments/billing-plans/P-42B51669CD500113U6QD57FQ.2022-10-21 05:05:05
Got Http response code 400 when accessing https://api.sandbox.paypal.com/v1/payments/billing-plans/P-8L31963922663352X223OBAA.2022-10-21 05:05:06
Got Http response code 400 when accessing https://api.sandbox.paypal.com/v1/payments/billing-plans/P-1KD332961M953123LLROEU5Q.2022-10-21 05:05:07
Got Http response code 400 when accessing https://api.sandbox.paypal.com/v1/payments/billing-plans/P-5E5996023U768050G4QXPT7I.2022-10-21 05:05:08
Got Http response code 400 when accessing https://api.sandbox.paypal.com/v1/payments/billing-plans/P-6L572286NJ9828626UDV3HOA.2022-10-21 05:05:09
Got Http response code 400 when accessing https://api.sandbox.paypal.com/v1/payments/billing-plans/P-7S757813MR8152337PCPMFQA.2022-10-21 05:05:10
New transaction (302) added.2022-10-21 05:35:58
New transaction (303) added.2022-10-21 05:36:03
No data found.2022-10-21 05:39:51
No data found.2022-10-21 05:39:54
Got Http response code 400 when accessing https://api.sandbox.paypal.com/v1/payments/billing-plans/P-9Y7991047J623421NJ4BLMRY.2022-10-21 06:13:33
Got Http response code 400 when accessing https://api.sandbox.paypal.com/v1/payments/billing-plans/P-42B51669CD500113U6QD57FQ.2022-10-21 06:13:34
Got Http response code 400 when accessing https://api.sandbox.paypal.com/v1/payments/billing-plans/P-8L31963922663352X223OBAA.2022-10-21 06:13:35
Got Http response code 400 when accessing https://api.sandbox.paypal.com/v1/payments/billing-plans/P-1KD332961M953123LLROEU5Q.2022-10-21 06:13:37
Got Http response code 400 when accessing https://api.sandbox.paypal.com/v1/payments/billing-plans/P-5E5996023U768050G4QXPT7I.2022-10-21 06:13:38
Got Http response code 400 when accessing https://api.sandbox.paypal.com/v1/payments/billing-plans/P-6L572286NJ9828626UDV3HOA.2022-10-21 06:13:39
Got Http response code 400 when accessing https://api.sandbox.paypal.com/v1/payments/billing-plans/P-7S757813MR8152337PCPMFQA.2022-10-21 06:13:40
