Got Http response code 400 when accessing https://api.sandbox.paypal.com/v1/payments/billing-plans/P-9Y7991047J623421NJ4BLMRY.2022-10-25 10:38:36
Got Http response code 400 when accessing https://api.sandbox.paypal.com/v1/payments/billing-plans/P-42B51669CD500113U6QD57FQ.2022-10-25 10:38:38
Got Http response code 400 when accessing https://api.sandbox.paypal.com/v1/payments/billing-plans/P-8L31963922663352X223OBAA.2022-10-25 10:38:39
Got Http response code 400 when accessing https://api.sandbox.paypal.com/v1/payments/billing-plans/P-1KD332961M953123LLROEU5Q.2022-10-25 10:38:40
Got Http response code 400 when accessing https://api.sandbox.paypal.com/v1/payments/billing-plans/P-5E5996023U768050G4QXPT7I.2022-10-25 10:38:42
Got Http response code 400 when accessing https://api.sandbox.paypal.com/v1/payments/billing-plans/P-6L572286NJ9828626UDV3HOA.2022-10-25 10:38:43
Got Http response code 400 when accessing https://api.sandbox.paypal.com/v1/payments/billing-plans/P-7S757813MR8152337PCPMFQA.2022-10-25 10:38:44
New transaction (307) added.2022-10-25 10:38:52
New transaction (308) added.2022-10-25 10:39:05
New transaction (309) added.2022-10-25 10:39:12
Got Http response code 400 when accessing https://api.sandbox.paypal.com/v1/payments/billing-plans/P-9Y7991047J623421NJ4BLMRY.2022-10-25 10:40:41
Got Http response code 400 when accessing https://api.sandbox.paypal.com/v1/payments/billing-plans/P-42B51669CD500113U6QD57FQ.2022-10-25 10:40:42
Got Http response code 400 when accessing https://api.sandbox.paypal.com/v1/payments/billing-plans/P-8L31963922663352X223OBAA.2022-10-25 10:40:43
Got Http response code 400 when accessing https://api.sandbox.paypal.com/v1/payments/billing-plans/P-1KD332961M953123LLROEU5Q.2022-10-25 10:40:45
Got Http response code 400 when accessing https://api.sandbox.paypal.com/v1/payments/billing-plans/P-5E5996023U768050G4QXPT7I.2022-10-25 10:40:45
Got Http response code 400 when accessing https://api.sandbox.paypal.com/v1/payments/billing-plans/P-6L572286NJ9828626UDV3HOA.2022-10-25 10:40:46
Got Http response code 400 when accessing https://api.sandbox.paypal.com/v1/payments/billing-plans/P-7S757813MR8152337PCPMFQA.2022-10-25 10:40:47
New transaction (310) added.2022-10-25 10:41:03
New transaction (311) added.2022-10-25 10:41:26
Got Http response code 400 when accessing https://api.sandbox.paypal.com/v1/payments/billing-plans/P-9Y7991047J623421NJ4BLMRY.2022-10-25 11:10:58
No data found.2022-10-25 11:11:48
No data found.2022-10-25 11:12:13
No data found.2022-10-25 11:13:03
No data found.2022-10-25 11:13:06
New transaction (312) added.2022-10-25 11:14:47
Got Http response code 400 when accessing https://api.sandbox.paypal.com/v1/payments/billing-plans/P-9Y7991047J623421NJ4BLMRY.2022-10-25 11:40:53
Got Http response code 400 when accessing https://api.sandbox.paypal.com/v1/payments/billing-plans/P-42B51669CD500113U6QD57FQ.2022-10-25 11:40:54
Got Http response code 400 when accessing https://api.sandbox.paypal.com/v1/payments/billing-plans/P-8L31963922663352X223OBAA.2022-10-25 11:40:56
Got Http response code 400 when accessing https://api.sandbox.paypal.com/v1/payments/billing-plans/P-1KD332961M953123LLROEU5Q.2022-10-25 11:40:57
Got Http response code 400 when accessing https://api.sandbox.paypal.com/v1/payments/billing-plans/P-5E5996023U768050G4QXPT7I.2022-10-25 11:40:58
Got Http response code 400 when accessing https://api.sandbox.paypal.com/v1/payments/billing-plans/P-6L572286NJ9828626UDV3HOA.2022-10-25 11:40:59
Got Http response code 400 when accessing https://api.sandbox.paypal.com/v1/payments/billing-plans/P-7S757813MR8152337PCPMFQA.2022-10-25 11:41:00
New transaction (313) added.2022-10-25 11:41:02
New transaction (314) added.2022-10-25 11:41:05
New transaction (315) added.2022-10-25 11:41:07
New transaction (316) added.2022-10-25 11:41:12
New transaction (317) added.2022-10-25 11:41:15
New transaction (318) added.2022-10-25 11:41:17
New transaction (319) added.2022-10-25 11:41:20
New transaction (320) added.2022-10-25 11:41:23
New transaction (321) added.2022-10-25 11:41:25
New transaction (322) added.2022-10-25 11:41:28
New transaction (323) added.2022-10-25 11:41:30
New transaction (324) added.2022-10-25 11:41:33
New transaction (325) added.2022-10-25 11:41:35
New transaction (326) added.2022-10-25 12:01:10
New transaction (327) added.2022-10-25 12:01:12
New transaction (328) added.2022-10-25 12:01:15
New transaction (329) added.2022-10-25 12:01:17
New transaction (330) added.2022-10-25 12:01:20
New transaction (331) added.2022-10-25 12:01:22
New transaction (332) added.2022-10-25 12:01:24
New transaction (333) added.2022-10-25 12:01:27
New transaction (334) added.2022-10-25 12:01:30
New transaction (335) added.2022-10-25 12:01:32
New transaction (336) added.2022-10-25 12:01:34
New transaction (337) added.2022-10-25 12:01:37
New transaction (338) added.2022-10-25 12:01:39
New transaction (339) added.2022-10-25 12:01:41
New transaction (340) added.2022-10-25 12:01:44
New transaction (341) added.2022-10-25 12:01:47
New transaction (342) added.2022-10-25 12:01:49
New transaction (343) added.2022-10-25 12:01:51
