Got Http response code 400 when accessing https://api.sandbox.paypal.com/v1/payments/billing-plans/P-9Y7991047J623421NJ4BLMRY.2022-10-24 06:11:02
Got Http response code 400 when accessing https://api.sandbox.paypal.com/v1/payments/billing-plans/P-42B51669CD500113U6QD57FQ.2022-10-24 06:11:03
Got Http response code 400 when accessing https://api.sandbox.paypal.com/v1/payments/billing-plans/P-8L31963922663352X223OBAA.2022-10-24 06:11:04
Got Http response code 400 when accessing https://api.sandbox.paypal.com/v1/payments/billing-plans/P-1KD332961M953123LLROEU5Q.2022-10-24 06:11:07
Got Http response code 400 when accessing https://api.sandbox.paypal.com/v1/payments/billing-plans/P-5E5996023U768050G4QXPT7I.2022-10-24 06:11:09
Got Http response code 400 when accessing https://api.sandbox.paypal.com/v1/payments/billing-plans/P-6L572286NJ9828626UDV3HOA.2022-10-24 06:11:10
Got Http response code 400 when accessing https://api.sandbox.paypal.com/v1/payments/billing-plans/P-7S757813MR8152337PCPMFQA.2022-10-24 06:11:11
Got Http response code 400 when accessing https://api.sandbox.paypal.com/v1/payments/billing-plans/P-9Y7991047J623421NJ4BLMRY.2022-10-24 06:15:15
Got Http response code 400 when accessing https://api.sandbox.paypal.com/v1/payments/billing-plans/P-42B51669CD500113U6QD57FQ.2022-10-24 06:15:17
Got Http response code 400 when accessing https://api.sandbox.paypal.com/v1/payments/billing-plans/P-8L31963922663352X223OBAA.2022-10-24 06:15:18
Got Http response code 400 when accessing https://api.sandbox.paypal.com/v1/payments/billing-plans/P-1KD332961M953123LLROEU5Q.2022-10-24 06:15:19
Got Http response code 400 when accessing https://api.sandbox.paypal.com/v1/payments/billing-plans/P-5E5996023U768050G4QXPT7I.2022-10-24 06:15:23
Got Http response code 400 when accessing https://api.sandbox.paypal.com/v1/payments/billing-plans/P-6L572286NJ9828626UDV3HOA.2022-10-24 06:15:26
Got Http response code 400 when accessing https://api.sandbox.paypal.com/v1/payments/billing-plans/P-7S757813MR8152337PCPMFQA.2022-10-24 06:15:27
New transaction (303) added.2022-10-24 06:24:12
Got Http response code 400 when accessing https://api.sandbox.paypal.com/v1/payments/billing-plans/P-9Y7991047J623421NJ4BLMRY.2022-10-24 06:25:50
Got Http response code 400 when accessing https://api.sandbox.paypal.com/v1/payments/billing-plans/P-42B51669CD500113U6QD57FQ.2022-10-24 06:25:51
Got Http response code 400 when accessing https://api.sandbox.paypal.com/v1/payments/billing-plans/P-8L31963922663352X223OBAA.2022-10-24 06:25:54
Got Http response code 400 when accessing https://api.sandbox.paypal.com/v1/payments/billing-plans/P-1KD332961M953123LLROEU5Q.2022-10-24 06:25:55
Got Http response code 400 when accessing https://api.sandbox.paypal.com/v1/payments/billing-plans/P-5E5996023U768050G4QXPT7I.2022-10-24 06:25:57
Got Http response code 400 when accessing https://api.sandbox.paypal.com/v1/payments/billing-plans/P-6L572286NJ9828626UDV3HOA.2022-10-24 06:25:58
Got Http response code 400 when accessing https://api.sandbox.paypal.com/v1/payments/billing-plans/P-7S757813MR8152337PCPMFQA.2022-10-24 06:25:59
New transaction (304) added.2022-10-24 06:28:39
Got Http response code 400 when accessing https://api.sandbox.paypal.com/v1/payments/billing-plans/P-9Y7991047J623421NJ4BLMRY.2022-10-24 06:44:33
Got Http response code 400 when accessing https://api.sandbox.paypal.com/v1/payments/billing-plans/P-42B51669CD500113U6QD57FQ.2022-10-24 06:44:35
Got Http response code 400 when accessing https://api.sandbox.paypal.com/v1/payments/billing-plans/P-8L31963922663352X223OBAA.2022-10-24 06:44:37
Got Http response code 400 when accessing https://api.sandbox.paypal.com/v1/payments/billing-plans/P-1KD332961M953123LLROEU5Q.2022-10-24 06:44:38
Got Http response code 400 when accessing https://api.sandbox.paypal.com/v1/payments/billing-plans/P-5E5996023U768050G4QXPT7I.2022-10-24 06:44:40
Got Http response code 400 when accessing https://api.sandbox.paypal.com/v1/payments/billing-plans/P-6L572286NJ9828626UDV3HOA.2022-10-24 06:44:44
Got Http response code 400 when accessing https://api.sandbox.paypal.com/v1/payments/billing-plans/P-7S757813MR8152337PCPMFQA.2022-10-24 06:44:46
New transaction (305) added.2022-10-24 06:47:20
Got Http response code 400 when accessing https://api.sandbox.paypal.com/v1/payments/billing-plans/P-9Y7991047J623421NJ4BLMRY.2022-10-24 06:48:59
Got Http response code 400 when accessing https://api.sandbox.paypal.com/v1/payments/billing-plans/P-42B51669CD500113U6QD57FQ.2022-10-24 06:49:00
Got Http response code 400 when accessing https://api.sandbox.paypal.com/v1/payments/billing-plans/P-8L31963922663352X223OBAA.2022-10-24 06:49:02
Got Http response code 400 when accessing https://api.sandbox.paypal.com/v1/payments/billing-plans/P-1KD332961M953123LLROEU5Q.2022-10-24 06:49:03
Got Http response code 400 when accessing https://api.sandbox.paypal.com/v1/payments/billing-plans/P-5E5996023U768050G4QXPT7I.2022-10-24 06:49:04
Got Http response code 400 when accessing https://api.sandbox.paypal.com/v1/payments/billing-plans/P-6L572286NJ9828626UDV3HOA.2022-10-24 06:49:07
Got Http response code 400 when accessing https://api.sandbox.paypal.com/v1/payments/billing-plans/P-7S757813MR8152337PCPMFQA.2022-10-24 06:49:08
New transaction (306) added.2022-10-24 06:52:08
Got Http response code 400 when accessing https://api.sandbox.paypal.com/v1/payments/billing-plans/P-9Y7991047J623421NJ4BLMRY.2022-10-24 06:55:32
Got Http response code 400 when accessing https://api.sandbox.paypal.com/v1/payments/billing-plans/P-42B51669CD500113U6QD57FQ.2022-10-24 06:55:35
Got Http response code 400 when accessing https://api.sandbox.paypal.com/v1/payments/billing-plans/P-8L31963922663352X223OBAA.2022-10-24 06:55:36
Got Http response code 400 when accessing https://api.sandbox.paypal.com/v1/payments/billing-plans/P-1KD332961M953123LLROEU5Q.2022-10-24 06:55:37
Got Http response code 400 when accessing https://api.sandbox.paypal.com/v1/payments/billing-plans/P-5E5996023U768050G4QXPT7I.2022-10-24 06:55:40
Got Http response code 400 when accessing https://api.sandbox.paypal.com/v1/payments/billing-plans/P-6L572286NJ9828626UDV3HOA.2022-10-24 06:55:41
Got Http response code 400 when accessing https://api.sandbox.paypal.com/v1/payments/billing-plans/P-7S757813MR8152337PCPMFQA.2022-10-24 06:55:43
