
No appointment found.2023-04-11 05:45:34
No appointment found.2023-04-11 06:31:05
No appointment found.2023-04-11 06:45:31
No appointment found.2023-04-11 07:31:05
No appointment found.2023-04-11 07:45:37
No appointment found.2023-04-11 08:31:09
Email send to Student Alexander Hogrefe (268) and Instructor Chloe Gardner (266).2023-04-11 08:45:37
No appointment found.2023-04-11 09:31:10
No appointment found.2023-04-11 09:45:35
No appointment found.2023-04-11 10:45:32
No appointment found.2023-04-11 11:31:05
Email send to Student Marina Garaeva (316) and Instructor Tobias Braun (275).2023-04-11 11:45:37
Email send to Student English Group (293) and Instructor Andrew Semansco (282).2023-04-11 11:45:37
No appointment found.2023-04-11 12:31:09
Email send to Student Monika Krawietz (117) and Instructor Sarah Morrison (280).2023-04-11 12:45:36
No appointment found.2023-04-11 01:31:08
No appointment found.2023-04-11 01:45:34
No appointment found.2023-04-11 04:45:33
No appointment found.2023-04-11 05:31:05
Email send to Student Svenja Henze (283) and Instructor Giulia Bono (133).2023-04-11 05:45:34
Email send to Student Svenja Henze (283) and Instructor Giulia Bono (133).2023-04-11 06:45:38
No appointment found.2023-04-11 07:31:09
No appointment found.2023-04-11 07:45:32
No appointment found.2023-04-11 08:31:06
No appointment found.2023-04-11 08:45:35
