No appointment found.2023-03-28 12:31:09
No appointment found.2023-03-28 12:45:36
No appointment found.2023-03-28 01:31:10
No appointment found.2023-03-28 01:45:35
No appointment found.2023-03-28 02:31:08
No appointment found.2023-03-28 02:45:36
No appointment found.2023-03-28 03:31:08
No appointment found.2023-03-28 03:45:35
No appointment found.2023-03-28 04:31:08
No appointment found.2023-03-28 04:45:36
No appointment found.2023-03-28 05:31:10
No appointment found.2023-03-28 05:45:35
No appointment found.2023-03-28 06:31:08
No appointment found.2023-03-28 06:45:36
Email send to Student Rebar Hussein (286) and Instructor Chloe Gardner (266).2023-03-28 07:31:07
Email send to Student Rebar Hussein (286) and Instructor Chloe Gardner (266).2023-03-28 07:45:36
Email send to Student Olga Altergot (122) and Instructor Emma Mayer (102).2023-03-28 07:45:37
Email send to Student Olga Altergot (122) and Instructor Emma Mayer (102).2023-03-28 07:45:37
No appointment found.2023-03-28 08:31:10
No appointment found.2023-03-28 08:45:38
Email send to Student Carlos Cardoso (327) and Instructor Rayka Gerberding-Kobiella (326).2023-03-28 09:31:14
Email send to Student Olga Altergot (122) and Instructor Emma Mayer (102).2023-03-28 09:45:37
No appointment found.2023-03-28 10:31:14
Email send to Student English Group (293) and Instructor Andrew Semansco (282).2023-03-28 10:45:37
Email send to Student Marina Garaeva (316) and Instructor Tobias Braun (275).2023-03-28 10:45:38
Email send to Student Olga Altergot (122) and Instructor Emma Mayer (102).2023-03-28 10:45:38
No appointment found.2023-03-28 11:31:08
No appointment found.2023-03-28 11:44:17
No appointment found.2023-03-28 11:45:16
No appointment found.2023-03-28 11:45:19
No appointment found.2023-03-28 11:45:37
No appointment found.2023-03-28 12:45:37
No appointment found.2023-03-28 01:31:09
No appointment found.2023-03-28 01:45:38
No appointment found.2023-03-28 02:31:42
No appointment found.2023-03-28 02:46:33
No appointment found.2023-03-28 03:32:54
No appointment found.2023-03-28 03:46:26
No appointment found.2023-03-28 04:32:09
No appointment found.2023-03-28 04:46:21
No appointment found.2023-03-28 05:32:11
No appointment found.2023-03-28 06:31:07
No appointment found.2023-03-28 06:45:37
No appointment found.2023-03-28 07:31:11
No appointment found.2023-03-28 07:45:36
No appointment found.2023-03-28 08:31:07
No appointment found.2023-03-28 08:45:36
No appointment found.2023-03-28 09:31:19
No appointment found.2023-03-28 09:45:35
No appointment found.2023-03-28 10:31:18
No appointment found.2023-03-28 10:45:35
No appointment found.2023-03-28 11:31:10
No appointment found.2023-03-28 11:45:36
