No appointment found.2023-03-30 12:31:08
No appointment found.2023-03-30 12:45:35
No appointment found.2023-03-30 01:31:14
No appointment found.2023-03-30 01:45:34
No appointment found.2023-03-30 02:31:07
No appointment found.2023-03-30 02:45:36
No appointment found.2023-03-30 03:31:11
No appointment found.2023-03-30 03:45:36
No appointment found.2023-03-30 04:31:11
No appointment found.2023-03-30 04:45:36
No appointment found.2023-03-30 05:45:36
No appointment found.2023-03-30 07:31:07
No appointment found.2023-03-30 08:31:14
No appointment found.2023-03-30 08:45:36
No appointment found.2023-03-30 09:45:38
No appointment found.2023-03-30 10:45:36
No appointment found.2023-03-30 11:31:13
No appointment found.2023-03-30 12:31:06
No appointment found.2023-03-30 12:42:28
Email send to Student Olga Altergot (122) and Instructor Emma Mayer (102).2023-03-30 12:54:57
No appointment found.2023-03-30 01:31:09
Email send to Student English Group (293) and Instructor Andrew Semansco (282).2023-03-30 01:45:39
Email send to Student Olga Altergot (122) and Instructor Emma Mayer (102).2023-03-30 01:45:39
No appointment found.2023-03-30 02:31:08
No appointment found.2023-03-30 02:45:38
Email send to Student Ewa Majdzinska-Otto (269) and Instructor Ronel Wynford (237).2023-03-30 03:45:38
Email send to Student Lucia Nebel (306) and Instructor Ronel Wynford (237).2023-03-30 04:45:36
No appointment found.2023-03-30 05:31:09
Email send to Student Susanne Gehre (302) and Instructor Giulia Bono (133).2023-03-30 05:45:41
Email send to Student Olga Altergot (122) and Instructor Emma Mayer (102).2023-03-30 05:45:41
No appointment found.2023-03-30 06:31:07
