No appointment found.2023-07-03 12:03:56
No appointment found.2023-07-03 12:03:56
No appointment found.2023-07-03 01:02:44
No appointment found.2023-07-03 01:02:44
No appointment found.2023-07-03 02:02:49
No appointment found.2023-07-03 02:02:50
No appointment found.2023-07-03 03:02:38
No appointment found.2023-07-03 03:02:40
No appointment found.2023-07-03 04:02:59
No appointment found.2023-07-03 04:03:02
No appointment found.2023-07-03 05:02:34
No appointment found.2023-07-03 05:02:39
No appointment found.2023-07-03 06:02:33
No appointment found.2023-07-03 06:02:34
Email send to Student Jonas Dautermann (343) and Instructor Andrew Semansco (282).2023-07-03 07:02:31
Email send to Student Erik Haas (333) and Instructor Chloe Gardner (266).2023-07-03 07:02:31
Email send to Student Jerome Windt (351) and Instructor Andrew Semansco (282).2023-07-03 07:02:31
Email send to Student Carsten Vieth (332) and Instructor Andrew Semansco (282).2023-07-03 07:02:34
Email send to Student Erik Haas (333) and Instructor Chloe Gardner (266).2023-07-03 08:03:02
Email send to Student Jerome Windt (351) and Instructor Andrew Semansco (282).2023-07-03 08:03:03
Email send to Student Jerome Windt (351) and Instructor Andrew Semansco (282).2023-07-03 08:03:03
No appointment found.2023-07-03 09:02:30
Email send to Student Jerome Windt (351) and Instructor Andrew Semansco (282).2023-07-03 09:02:31
No appointment found.2023-07-03 10:02:35
Email send to Student Marina Garaeva (316) and Instructor Tobias Braun (275).2023-07-03 10:02:35
No appointment found.2023-07-03 11:02:25
Email send to Student Monika Krawietz (117) and Instructor Pablo Landriel (214).2023-07-03 11:02:29
No appointment found.2023-07-03 12:03:04
Email send to Student Viktor Tatai (335) and Instructor Tobias Braun (275).2023-07-03 12:03:05
No appointment found.2023-07-03 01:02:23
No appointment found.2023-07-03 01:02:26
No appointment found.2023-07-03 02:02:29
Email send to Student Jerome Windt (351) and Instructor Sarah Morrison (280).2023-07-03 02:02:32
Email send to Student Deutschgruppe Googlemeet (346) and Instructor Julian Tacke (318).2023-07-03 03:02:31
Email send to Student Jerome Windt (351) and Instructor Sarah Morrison (280).2023-07-03 03:02:32
No appointment found.2023-07-03 04:02:56
Email send to Student Deutschgruppe Googlemeet (346) and Instructor Julian Tacke (318).2023-07-03 04:03:24
Email send to Student Svenja Henze (283) and Instructor Virginia Battisti (147).2023-07-03 04:03:24
No appointment found.2023-07-03 05:02:25
Email send to Student Irina Haan (216) and Instructor Ronel Wynford (237).2023-07-03 05:02:29
No appointment found.2023-07-03 06:02:30
No appointment found.2023-07-03 06:02:30
No appointment found.2023-07-03 07:02:22
No appointment found.2023-07-03 07:02:23
