No appointment found.2023-01-11 07:36:25
No appointment found.2023-01-11 07:37:37
Email send to Student test purpose (303) and Instructor Ronel Wynford (237).2023-01-11 07:43:23
Email send to Student test purpose (303) and Instructor Chloe Gardner (266).2023-01-11 07:43:29
Email send to Student Test Student (302) and Instructor Benjamin Cooper (236).2023-01-11 07:43:34
Email send to Student Test Student (302) and Instructor Yvison Pereira (235).2023-01-11 07:43:39
Email send to Student Test Student (302) and Instructor Ronel Wynford (237).2023-01-11 07:43:44
Email send to Student Test Student (302) and Instructor Ronel Wynford (237).2023-01-11 07:43:50
Email send to Student Test Student (302) and Instructor Yvison Pereira (235).2023-01-11 07:43:55
Email send to Student Test Student (302) and Instructor Chloe Gardner (266).2023-01-11 07:44:00
Email send to Student Test Student (302) and Instructor Chloe Gardner (266).2023-01-11 07:44:06
Email send to Student Test Student (302) and Instructor Yvison Pereira (235).2023-01-11 07:44:11
Email send to Student test purpose (303) and Instructor Yvison Pereira (235).2023-01-11 07:44:17
Email send to Student test purpose (303) and Instructor Ronel Wynford (237).2023-01-11 07:44:23
Email send to Student test purpose (303) and Instructor Ronel Wynford (237).2023-01-11 07:44:28
Email send to Student test purpose (303) and Instructor Chloe Gardner (266).2023-01-11 07:44:33
Email send to Student test purpose (303) and Instructor Ronel Wynford (237).2023-01-11 07:44:39
Email send to Student test purpose (303) and Instructor Ronel Wynford (237).2023-01-11 07:44:44
Email send to Student test purpose (303) and Instructor Benjamin Cooper (236).2023-01-11 07:44:50
Email send to Student test purpose (303) and Instructor Benjamin Cooper (236).2023-01-11 07:44:55
Email send to Student test purpose (303) and Instructor Benjamin Cooper (236).2023-01-11 07:45:00
Email send to Student test purpose (303) and Instructor Benjamin Cooper (236).2023-01-11 07:45:05
Email send to Student test purpose (303) and Instructor Giulia Bono (133).2023-01-11 07:45:10
Email send to Student test purpose (303) and Instructor Virginia Battisti (147).2023-01-11 07:45:15
Email send to Student test purpose (303) and Instructor Mariateresa Palmisano (208).2023-01-11 07:45:21
Email send to Student test purpose (303) and Instructor Mariateresa Palmisano (208).2023-01-11 07:45:25
Email send to Student test purpose (303) and Instructor Virginia Battisti (147).2023-01-11 07:45:30
Email send to Student test purpose (303) and Instructor Mariateresa Palmisano (208).2023-01-11 07:45:36
Email send to Student test purpose (303) and Instructor Giulia Bono (133).2023-01-11 07:45:41
Email send to Student test purpose (303) and Instructor Mariateresa Palmisano (208).2023-01-11 07:45:46
Email send to Student test purpose (303) and Instructor Mariateresa Palmisano (208).2023-01-11 07:45:51
Email send to Student test purpose (303) and Instructor Mariateresa Palmisano (208).2023-01-11 07:45:57
Email send to Student test purpose (303) and Instructor Mariateresa Palmisano (208).2023-01-11 07:46:01
Email send to Student test purpose (303) and Instructor Mariateresa Palmisano (208).2023-01-11 07:46:08
Email send to Student test purpose (303) and Instructor Mariateresa Palmisano (208).2023-01-11 07:46:13
Email send to Student test purpose (303) and Instructor Mariateresa Palmisano (208).2023-01-11 07:46:19
Email send to Student test purpose (303) and Instructor Mariateresa Palmisano (208).2023-01-11 07:46:24
Email send to Student test purpose (303) and Instructor Mariateresa Palmisano (208).2023-01-11 07:46:29
