No appointment found.2022-10-25 05:16:22
No appointment found.2022-10-25 05:16:23
No appointment found.2022-10-25 05:19:10
Email send to Student Test Student (302) and Instructor Eduardo Martinez (107).2022-10-25 05:19:19
Email send to Student Test Student (302) and Instructor Pablo Landriel (214).2022-10-25 05:19:26
Email send to Student Test Student (302) and Instructor Pablo Landriel (214).2022-10-25 05:19:33
Email send to Student Test Student (302) and Instructor Isabel Rivero (264).2022-10-25 05:19:40
Email send to Student Test Student (302) and Instructor Isabel Rivero (264).2022-10-25 05:19:46
Email send to Student Test Student (302) and Instructor Isabel Rivero (264).2022-10-25 05:19:53
Email send to Student Test Student (302) and Instructor Giulia Bono (133).2022-10-25 05:20:00
No appointment found.2022-10-25 05:22:03
No appointment found.2022-10-25 05:22:48
Email send to Student Test Student (302) and Instructor Eduardo Martinez (107).2022-10-25 05:22:55
Email send to Student Test Student (302) and Instructor Pablo Landriel (214).2022-10-25 05:23:02
Email send to Student Test Student (302) and Instructor Pablo Landriel (214).2022-10-25 05:23:09
Email send to Student Test Student (302) and Instructor Isabel Rivero (264).2022-10-25 05:23:15
Email send to Student Test Student (302) and Instructor Isabel Rivero (264).2022-10-25 05:23:21
Email send to Student Test Student (302) and Instructor Isabel Rivero (264).2022-10-25 05:23:28
Email send to Student Test Student (302) and Instructor Giulia Bono (133).2022-10-25 05:23:35
No appointment found.2022-10-25 05:25:25
No appointment found.2022-10-25 05:25:25
No appointment found.2022-10-25 05:32:50
No appointment found.2022-10-25 05:32:50
No appointment found.2022-10-25 05:32:56
No appointment found.2022-10-25 05:32:56
No appointment found.2022-10-25 05:41:00
Email send to Student Test Student (302) and Instructor Eduardo Martinez (107).2022-10-25 05:41:09
Email send to Student Test Student (302) and Instructor Pablo Landriel (214).2022-10-25 05:41:16
Email send to Student Test Student (302) and Instructor Pablo Landriel (214).2022-10-25 05:41:23
Email send to Student Test Student (302) and Instructor Isabel Rivero (264).2022-10-25 05:41:30
Email send to Student Test Student (302) and Instructor Isabel Rivero (264).2022-10-25 05:41:38
Email send to Student Test Student (302) and Instructor Isabel Rivero (264).2022-10-25 05:41:47
Email send to Student Test Student (302) and Instructor Giulia Bono (133).2022-10-25 05:41:55
No appointment found.2022-10-25 05:41:55
Email send to Student Test Student (302) and Instructor Eduardo Martinez (107).2022-10-25 05:42:04
Email send to Student Test Student (302) and Instructor Pablo Landriel (214).2022-10-25 05:42:12
Email send to Student Test Student (302) and Instructor Pablo Landriel (214).2022-10-25 05:42:21
Email send to Student Test Student (302) and Instructor Isabel Rivero (264).2022-10-25 05:42:29
Email send to Student Test Student (302) and Instructor Isabel Rivero (264).2022-10-25 05:42:37
Email send to Student Test Student (302) and Instructor Isabel Rivero (264).2022-10-25 05:42:46
Email send to Student Test Student (302) and Instructor Giulia Bono (133).2022-10-25 05:42:54
