Email send to Student test purpose (303) and Instructor Ronel Wynford (237).2023-01-23 03:10:23
Email send to Student test purpose (303) and Instructor Chloe Gardner (266).2023-01-23 03:10:34
Email send to Student Test Student (302) and Instructor Benjamin Cooper (236).2023-01-23 03:10:43
Email send to Student Test Student (302) and Instructor Yvison Pereira (235).2023-01-23 03:10:51
Email send to Student Test Student (302) and Instructor Ronel Wynford (237).2023-01-23 03:10:59
Email send to Student Test Student (302) and Instructor Ronel Wynford (237).2023-01-23 03:11:12
Email send to Student Test Student (302) and Instructor Yvison Pereira (235).2023-01-23 03:11:21
Email send to Student Test Student (302) and Instructor Chloe Gardner (266).2023-01-23 03:11:27
Email send to Student Test Student (302) and Instructor Chloe Gardner (266).2023-01-23 03:11:36
Email send to Student Test Student (302) and Instructor Yvison Pereira (235).2023-01-23 03:11:44
Email send to Student test purpose (303) and Instructor Yvison Pereira (235).2023-01-23 03:11:51
Email send to Student test purpose (303) and Instructor Ronel Wynford (237).2023-01-23 03:11:58
Email send to Student test purpose (303) and Instructor Ronel Wynford (237).2023-01-23 03:12:08
Email send to Student test purpose (303) and Instructor Chloe Gardner (266).2023-01-23 03:12:17
Email send to Student test purpose (303) and Instructor Ronel Wynford (237).2023-01-23 03:12:24
Email send to Student test purpose (303) and Instructor Ronel Wynford (237).2023-01-23 03:12:31
Email send to Student test purpose (303) and Instructor Benjamin Cooper (236).2023-01-23 03:12:40
Email send to Student test purpose (303) and Instructor Benjamin Cooper (236).2023-01-23 03:12:49
Email send to Student test purpose (303) and Instructor Benjamin Cooper (236).2023-01-23 03:12:57
Email send to Student test purpose (303) and Instructor Benjamin Cooper (236).2023-01-23 03:13:05
Email send to Student test purpose (303) and Instructor Giulia Bono (133).2023-01-23 03:13:22
Email send to Student test purpose (303) and Instructor Virginia Battisti (147).2023-01-23 03:13:28
Email send to Student test purpose (303) and Instructor Mariateresa Palmisano (208).2023-01-23 03:13:34
Email send to Student test purpose (303) and Instructor Mariateresa Palmisano (208).2023-01-23 03:13:40
Email send to Student test purpose (303) and Instructor Virginia Battisti (147).2023-01-23 03:13:46
Email send to Student test purpose (303) and Instructor Mariateresa Palmisano (208).2023-01-23 03:13:51
Email send to Student test purpose (303) and Instructor Giulia Bono (133).2023-01-23 03:13:58
Email send to Student test purpose (303) and Instructor Mariateresa Palmisano (208).2023-01-23 03:14:05
Email send to Student test purpose (303) and Instructor Mariateresa Palmisano (208).2023-01-23 03:14:10
Email send to Student test purpose (303) and Instructor Mariateresa Palmisano (208).2023-01-23 03:14:16
Email send to Student test purpose (303) and Instructor Mariateresa Palmisano (208).2023-01-23 03:14:23
Email send to Student test purpose (303) and Instructor Mariateresa Palmisano (208).2023-01-23 03:14:31
Email send to Student test purpose (303) and Instructor Mariateresa Palmisano (208).2023-01-23 03:14:36
Email send to Student test purpose (303) and Instructor Mariateresa Palmisano (208).2023-01-23 03:14:42
Email send to Student test purpose (303) and Instructor Mariateresa Palmisano (208).2023-01-23 03:14:49
Email send to Student test purpose (303) and Instructor Mariateresa Palmisano (208).2023-01-23 03:14:56
